<component name="libraryTable">
  <library name="junit-4.12">
    <CLASSES>
      <root url="jar://C:/java/libs/junit-4.12.jar!/" />
    </CLASSES>
    <JAVADOC>
      <root url="jar://C:/java/libs/javadoc/junit-4.12-javadoc.jar!/" />
    </JAVADOC>
    <SOURCES>
      <root url="jar://C:/java/libs/source/junit-4.12-sources.jar!/" />
    </SOURCES>
  </library>
</component>